# JRE version: OpenJDK Runtime Environment (21.0.6) (build 21.0.6+-13368085-b895.109)
# Java VM: OpenJDK 64-Bit Server VM (21.0.6+-13368085-b895.109, mixed mode, tiered, compressed oops, compressed class ptrs, g1 gc, windows-amd64)
GC Precious Log:
 CardTable entry size: 512
 Card Set container configuration: InlinePtr #cards 5 size 8 Array Of Cards #cards 12 size 40 Howl #buckets 4 coarsen threshold 1843 Howl Bitmap #cards 512 size 80 coarsen threshold 460 Card regions per heap region 1 cards per card region 2048
 CPUs: 12 total, 12 available
 Memory: 15789M
 Large Page Support: Disabled
 NUMA Support: Disabled
 Compressed Oops: Enabled (32-bit)
 Heap Region Size: 1M
 Heap Min Capacity: 8M
 Heap Initial Capacity: 248M
 Heap Max Capacity: 256M
 Pre-touch: Disabled
 Parallel Workers: 10
 Concurrent Workers: 3
 Concurrent Refinement Workers: 10
 Periodic GC: Disabled
Heap:
 garbage-first heap   total 262144K, used 261258K [0x00000000f0000000, 0x0000000100000000)
  region size 1024K, 0 young (0K), 0 survivors (0K)
 Metaspace       used 180283K, committed 187264K, reserved 1245184K
  class space    used 23089K, committed 25472K, reserved 1048576K
GC Heap History (20 events):
Event: 36.006 GC heap after
{Heap after GC invocations=73 (full 0):
 garbage-first heap   total 262144K, used 193461K [0x00000000f0000000, 0x0000000100000000)
  region size 1024K, 8 young (8192K), 8 survivors (8192K)
 Metaspace       used 183138K, committed 186048K, reserved 1245184K
  class space    used 23826K, committed 25280K, reserved 1048576K
}
Event: 36.703 GC heap before
{Heap before GC invocations=73 (full 0):
 garbage-first heap   total 262144K, used 238517K [0x00000000f0000000, 0x0000000100000000)
  region size 1024K, 53 young (54272K), 8 survivors (8192K)
 Metaspace       used 183148K, committed 186048K, reserved 1245184K
  class space    used 23826K, committed 25280K, reserved 1048576K
}
Event: 36.709 GC heap after
{Heap after GC invocations=74 (full 0):
 garbage-first heap   total 262144K, used 194679K [0x00000000f0000000, 0x0000000100000000)
  region size 1024K, 5 young (5120K), 5 survivors (5120K)
 Metaspace       used 183148K, committed 186048K, reserved 1245184K
  class space    used 23826K, committed 25280K, reserved 1048576K
}
Event: 37.324 GC heap before
{Heap before GC invocations=74 (full 0):
 garbage-first heap   total 262144K, used 241783K [0x00000000f0000000, 0x0000000100000000)
  region size 1024K, 51 young (52224K), 5 survivors (5120K)
 Metaspace       used 183150K, committed 186048K, reserved 1245184K
  class space    used 23826K, committed 25280K, reserved 1048576K
}
Event: 37.328 GC heap after
{Heap after GC invocations=75 (full 0):
 garbage-first heap   total 262144K, used 195954K [0x00000000f0000000, 0x0000000100000000)
  region size 1024K, 4 young (4096K), 4 survivors (4096K)
 Metaspace       used 183150K, committed 186048K, reserved 1245184K
  class space    used 23826K, committed 25280K, reserved 1048576K
}
Event: 38.075 GC heap before
{Heap before GC invocations=76 (full 0):
 garbage-first heap   total 262144K, used 241010K [0x00000000f0000000, 0x0000000100000000)
  region size 1024K, 50 young (51200K), 4 survivors (4096K)
 Metaspace       used 183635K, committed 186496K, reserved 1245184K
  class space    used 23919K, committed 25344K, reserved 1048576K
}
Event: 38.079 GC heap after
{Heap after GC invocations=77 (full 0):
 garbage-first heap   total 262144K, used 196309K [0x00000000f0000000, 0x0000000100000000)
  region size 1024K, 6 young (6144K), 6 survivors (6144K)
 Metaspace       used 183635K, committed 186496K, reserved 1245184K
  class space    used 23919K, committed 25344K, reserved 1048576K
}
Event: 38.579 GC heap before
{Heap before GC invocations=77 (full 0):
 garbage-first heap   total 262144K, used 248533K [0x00000000f0000000, 0x0000000100000000)
  region size 1024K, 49 young (50176K), 6 survivors (6144K)
 Metaspace       used 184217K, committed 187136K, reserved 1245184K
  class space    used 23990K, committed 25472K, reserved 1048576K
}
Event: 38.591 GC heap after
{Heap after GC invocations=78 (full 0):
 garbage-first heap   total 262144K, used 252046K [0x00000000f0000000, 0x0000000100000000)
  region size 1024K, 7 young (7168K), 7 survivors (7168K)
 Metaspace       used 184217K, committed 187136K, reserved 1245184K
  class space    used 23990K, committed 25472K, reserved 1048576K
}
Event: 38.608 GC heap before
{Heap before GC invocations=78 (full 0):
 garbage-first heap   total 262144K, used 254094K [0x00000000f0000000, 0x0000000100000000)
  region size 1024K, 9 young (9216K), 7 survivors (7168K)
 Metaspace       used 184248K, committed 187136K, reserved 1245184K
  class space    used 23995K, committed 25472K, reserved 1048576K
}
Event: 38.612 GC heap after
{Heap after GC invocations=79 (full 0):
 garbage-first heap   total 262144K, used 258969K [0x00000000f0000000, 0x0000000100000000)
  region size 1024K, 1 young (1024K), 1 survivors (1024K)
 Metaspace       used 184248K, committed 187136K, reserved 1245184K
  class space    used 23995K, committed 25472K, reserved 1048576K
}
Event: 38.634 GC heap before
{Heap before GC invocations=79 (full 0):
 garbage-first heap   total 262144K, used 259993K [0x00000000f0000000, 0x0000000100000000)
  region size 1024K, 2 young (2048K), 1 survivors (1024K)
 Metaspace       used 184284K, committed 187200K, reserved 1245184K
  class space    used 23999K, committed 25472K, reserved 1048576K
}
Event: 38.636 GC heap after
{Heap after GC invocations=80 (full 0):
 garbage-first heap   total 262144K, used 258965K [0x00000000f0000000, 0x0000000100000000)
  region size 1024K, 1 young (1024K), 1 survivors (1024K)
 Metaspace       used 184284K, committed 187200K, reserved 1245184K
  class space    used 23999K, committed 25472K, reserved 1048576K
}
Event: 38.675 GC heap before
{Heap before GC invocations=80 (full 0):
 garbage-first heap   total 262144K, used 259989K [0x00000000f0000000, 0x0000000100000000)
  region size 1024K, 2 young (2048K), 1 survivors (1024K)
 Metaspace       used 184300K, committed 187200K, reserved 1245184K
  class space    used 24001K, committed 25472K, reserved 1048576K
}
Event: 38.677 GC heap after
{Heap after GC invocations=81 (full 0):
 garbage-first heap   total 262144K, used 259069K [0x00000000f0000000, 0x0000000100000000)
  region size 1024K, 0 young (0K), 0 survivors (0K)
 Metaspace       used 184300K, committed 187200K, reserved 1245184K
  class space    used 24001K, committed 25472K, reserved 1048576K
}
Event: 38.729 GC heap before
{Heap before GC invocations=81 (full 0):
 garbage-first heap   total 262144K, used 260093K [0x00000000f0000000, 0x0000000100000000)
  region size 1024K, 2 young (2048K), 0 survivors (0K)
 Metaspace       used 180202K, committed 187264K, reserved 1245184K
  class space    used 23072K, committed 25472K, reserved 1048576K
}
Event: 38.731 GC heap after
{Heap after GC invocations=82 (full 0):
 garbage-first heap   total 262144K, used 260234K [0x00000000f0000000, 0x0000000100000000)
  region size 1024K, 0 young (0K), 0 survivors (0K)
 Metaspace       used 180202K, committed 187264K, reserved 1245184K
  class space    used 23072K, committed 25472K, reserved 1048576K
}
Event: 38.753 GC heap before
{Heap before GC invocations=82 (full 0):
 garbage-first heap   total 262144K, used 261258K [0x00000000f0000000, 0x0000000100000000)
  region size 1024K, 1 young (1024K), 0 survivors (0K)
 Metaspace       used 180283K, committed 187264K, reserved 1245184K
  class space    used 23089K, committed 25472K, reserved 1048576K
}
Event: 38.755 GC heap after
{Heap after GC invocations=83 (full 0):
 garbage-first heap   total 262144K, used 261258K [0x00000000f0000000, 0x0000000100000000)
  region size 1024K, 0 young (0K), 0 survivors (0K)
 Metaspace       used 180283K, committed 187264K, reserved 1245184K
  class space    used 23089K, committed 25472K, reserved 1048576K
}
Event: 38.755 GC heap before
{Heap before GC invocations=83 (full 0):
 garbage-first heap   total 262144K, used 261258K [0x00000000f0000000, 0x0000000100000000)
  region size 1024K, 0 young (0K), 0 survivors (0K)
 Metaspace       used 180283K, committed 187264K, reserved 1245184K
  class space    used 23089K, committed 25472K, reserved 1048576K
}

