# JRE version: OpenJDK Runtime Environment (21.0.6) (build 21.0.6+-13368085-b895.109)
# Java VM: OpenJDK 64-Bit Server VM (21.0.6+-13368085-b895.109, mixed mode, tiered, compressed oops, compressed class ptrs, g1 gc, windows-amd64)
GC Precious Log:
 CardTable entry size: 512
 Card Set container configuration: InlinePtr #cards 5 size 8 Array Of Cards #cards 12 size 40 Howl #buckets 4 coarsen threshold 1843 Howl Bitmap #cards 512 size 80 coarsen threshold 460 Card regions per heap region 1 cards per card region 2048
 CPUs: 12 total, 12 available
 Memory: 15789M
 Large Page Support: Disabled
 NUMA Support: Disabled
 Compressed Oops: Enabled (32-bit)
 Heap Region Size: 1M
 Heap Min Capacity: 8M
 Heap Initial Capacity: 248M
 Heap Max Capacity: 1G
 Pre-touch: Disabled
 Parallel Workers: 10
 Concurrent Workers: 3
 Concurrent Refinement Workers: 10
 Periodic GC: Disabled
Heap:
 garbage-first heap   total 276480K, used 188805K [0x00000000c0000000, 0x0000000100000000)
  region size 1024K, 8 young (8192K), 6 survivors (6144K)
 Metaspace       used 121035K, committed 123392K, reserved 344064K
  class space    used 16576K, committed 17728K, reserved 212992K
GC Heap History (20 events):
Event: 19.696 GC heap before
{Heap before GC invocations=58 (full 0):
 garbage-first heap   total 208896K, used 192191K [0x00000000c0000000, 0x0000000100000000)
  region size 1024K, 69 young (70656K), 5 survivors (5120K)
 Metaspace       used 117983K, committed 120256K, reserved 344064K
  class space    used 16130K, committed 17280K, reserved 212992K
}
Event: 19.701 GC heap after
{Heap after GC invocations=59 (full 0):
 garbage-first heap   total 208896K, used 127853K [0x00000000c0000000, 0x0000000100000000)
  region size 1024K, 6 young (6144K), 6 survivors (6144K)
 Metaspace       used 117983K, committed 120256K, reserved 344064K
  class space    used 16130K, committed 17280K, reserved 212992K
}
Event: 20.467 GC heap before
{Heap before GC invocations=60 (full 0):
 garbage-first heap   total 214016K, used 199533K [0x00000000c0000000, 0x0000000100000000)
  region size 1024K, 68 young (69632K), 6 survivors (6144K)
 Metaspace       used 119435K, committed 121728K, reserved 344064K
  class space    used 16393K, committed 17536K, reserved 212992K
}
Event: 20.475 GC heap after
{Heap after GC invocations=61 (full 0):
 garbage-first heap   total 219136K, used 148135K [0x00000000c0000000, 0x0000000100000000)
  region size 1024K, 9 young (9216K), 9 survivors (9216K)
 Metaspace       used 119435K, committed 121728K, reserved 344064K
  class space    used 16393K, committed 17536K, reserved 212992K
}
Event: 21.022 GC heap before
{Heap before GC invocations=61 (full 0):
 garbage-first heap   total 219136K, used 196263K [0x00000000c0000000, 0x0000000100000000)
  region size 1024K, 57 young (58368K), 9 survivors (9216K)
 Metaspace       used 120472K, committed 122752K, reserved 344064K
  class space    used 16528K, committed 17664K, reserved 212992K
}
Event: 21.029 GC heap after
{Heap after GC invocations=62 (full 0):
 garbage-first heap   total 219136K, used 152417K [0x00000000c0000000, 0x0000000100000000)
  region size 1024K, 7 young (7168K), 7 survivors (7168K)
 Metaspace       used 120472K, committed 122752K, reserved 344064K
  class space    used 16528K, committed 17664K, reserved 212992K
}
Event: 21.170 GC heap before
{Heap before GC invocations=62 (full 0):
 garbage-first heap   total 219136K, used 197473K [0x00000000c0000000, 0x0000000100000000)
  region size 1024K, 52 young (53248K), 7 survivors (7168K)
 Metaspace       used 120472K, committed 122752K, reserved 344064K
  class space    used 16528K, committed 17664K, reserved 212992K
}
Event: 21.174 GC heap after
{Heap after GC invocations=63 (full 0):
 garbage-first heap   total 219136K, used 153613K [0x00000000c0000000, 0x0000000100000000)
  region size 1024K, 4 young (4096K), 4 survivors (4096K)
 Metaspace       used 120472K, committed 122752K, reserved 344064K
  class space    used 16528K, committed 17664K, reserved 212992K
}
Event: 21.409 GC heap before
{Heap before GC invocations=64 (full 0):
 garbage-first heap   total 258048K, used 198669K [0x00000000c0000000, 0x0000000100000000)
  region size 1024K, 49 young (50176K), 4 survivors (4096K)
 Metaspace       used 120472K, committed 122752K, reserved 344064K
  class space    used 16528K, committed 17664K, reserved 212992K
}
Event: 21.414 GC heap after
{Heap after GC invocations=65 (full 0):
 garbage-first heap   total 258048K, used 154438K [0x00000000c0000000, 0x0000000100000000)
  region size 1024K, 5 young (5120K), 5 survivors (5120K)
 Metaspace       used 120472K, committed 122752K, reserved 344064K
  class space    used 16528K, committed 17664K, reserved 212992K
}
Event: 22.402 GC heap before
{Heap before GC invocations=65 (full 0):
 garbage-first heap   total 258048K, used 240454K [0x00000000c0000000, 0x0000000100000000)
  region size 1024K, 86 young (88064K), 5 survivors (5120K)
 Metaspace       used 120692K, committed 123072K, reserved 344064K
  class space    used 16549K, committed 17728K, reserved 212992K
}
Event: 22.409 GC heap after
{Heap after GC invocations=66 (full 0):
 garbage-first heap   total 258048K, used 162726K [0x00000000c0000000, 0x0000000100000000)
  region size 1024K, 11 young (11264K), 11 survivors (11264K)
 Metaspace       used 120692K, committed 123072K, reserved 344064K
  class space    used 16549K, committed 17728K, reserved 212992K
}
Event: 22.598 GC heap before
{Heap before GC invocations=66 (full 0):
 garbage-first heap   total 258048K, used 231334K [0x00000000c0000000, 0x0000000100000000)
  region size 1024K, 79 young (80896K), 11 survivors (11264K)
 Metaspace       used 120692K, committed 123072K, reserved 344064K
  class space    used 16549K, committed 17728K, reserved 212992K
}
Event: 22.604 GC heap after
{Heap after GC invocations=67 (full 0):
 garbage-first heap   total 258048K, used 165888K [0x00000000c0000000, 0x0000000100000000)
  region size 1024K, 5 young (5120K), 5 survivors (5120K)
 Metaspace       used 120692K, committed 123072K, reserved 344064K
  class space    used 16549K, committed 17728K, reserved 212992K
}
Event: 23.431 GC heap before
{Heap before GC invocations=68 (full 0):
 garbage-first heap   total 276480K, used 242688K [0x00000000c0000000, 0x0000000100000000)
  region size 1024K, 74 young (75776K), 5 survivors (5120K)
 Metaspace       used 120974K, committed 123328K, reserved 344064K
  class space    used 16571K, committed 17728K, reserved 212992K
}
Event: 23.438 GC heap after
{Heap after GC invocations=69 (full 0):
 garbage-first heap   total 276480K, used 181776K [0x00000000c0000000, 0x0000000100000000)
  region size 1024K, 10 young (10240K), 10 survivors (10240K)
 Metaspace       used 120974K, committed 123328K, reserved 344064K
  class space    used 16571K, committed 17728K, reserved 212992K
}
Event: 23.583 GC heap before
{Heap before GC invocations=69 (full 0):
 garbage-first heap   total 276480K, used 250384K [0x00000000c0000000, 0x0000000100000000)
  region size 1024K, 78 young (79872K), 10 survivors (10240K)
 Metaspace       used 120976K, committed 123328K, reserved 344064K
  class space    used 16571K, committed 17728K, reserved 212992K
}
Event: 23.590 GC heap after
{Heap after GC invocations=70 (full 0):
 garbage-first heap   total 276480K, used 184003K [0x00000000c0000000, 0x0000000100000000)
  region size 1024K, 5 young (5120K), 5 survivors (5120K)
 Metaspace       used 120976K, committed 123328K, reserved 344064K
  class space    used 16571K, committed 17728K, reserved 212992K
}
Event: 23.688 GC heap before
{Heap before GC invocations=70 (full 0):
 garbage-first heap   total 276480K, used 211651K [0x00000000c0000000, 0x0000000100000000)
  region size 1024K, 34 young (34816K), 5 survivors (5120K)
 Metaspace       used 121035K, committed 123392K, reserved 344064K
  class space    used 16576K, committed 17728K, reserved 212992K
}
Event: 23.691 GC heap after
{Heap after GC invocations=71 (full 0):
 garbage-first heap   total 276480K, used 184709K [0x00000000c0000000, 0x0000000100000000)
  region size 1024K, 6 young (6144K), 6 survivors (6144K)
 Metaspace       used 121035K, committed 123392K, reserved 344064K
  class space    used 16576K, committed 17728K, reserved 212992K
}

