# JRE version: OpenJDK Runtime Environment (21.0.6) (build 21.0.6+-13368085-b895.109)
# Java VM: OpenJDK 64-Bit Server VM (21.0.6+-13368085-b895.109, mixed mode, tiered, compressed oops, compressed class ptrs, g1 gc, windows-amd64)
GC Precious Log:
 CardTable entry size: 512
 Card Set container configuration: InlinePtr #cards 5 size 8 Array Of Cards #cards 12 size 40 Howl #buckets 4 coarsen threshold 1843 Howl Bitmap #cards 512 size 80 coarsen threshold 460 Card regions per heap region 1 cards per card region 2048
 CPUs: 12 total, 12 available
 Memory: 15789M
 Large Page Support: Disabled
 NUMA Support: Disabled
 Compressed Oops: Enabled (32-bit)
 Heap Region Size: 1M
 Heap Min Capacity: 8M
 Heap Initial Capacity: 248M
 Heap Max Capacity: 512M
 Pre-touch: Disabled
 Parallel Workers: 10
 Concurrent Workers: 3
 Concurrent Refinement Workers: 10
 Periodic GC: Disabled
Heap:
 garbage-first heap   total 295936K, used 219257K [0x00000000e0000000, 0x0000000100000000)
  region size 1024K, 30 young (30720K), 5 survivors (5120K)
 Metaspace       used 121275K, committed 123712K, reserved 245760K
  class space    used 16612K, committed 17792K, reserved 114688K
GC Heap History (20 events):
Event: 18.060 GC heap before
{Heap before GC invocations=58 (full 0):
 garbage-first heap   total 215040K, used 202494K [0x00000000e0000000, 0x0000000100000000)
  region size 1024K, 70 young (71680K), 6 survivors (6144K)
 Metaspace       used 119395K, committed 121728K, reserved 245760K
  class space    used 16397K, committed 17536K, reserved 114688K
}
Event: 18.069 GC heap after
{Heap after GC invocations=59 (full 0):
 garbage-first heap   total 223232K, used 149771K [0x00000000e0000000, 0x0000000100000000)
  region size 1024K, 9 young (9216K), 9 survivors (9216K)
 Metaspace       used 119395K, committed 121728K, reserved 245760K
  class space    used 16397K, committed 17536K, reserved 114688K
}
Event: 18.471 GC heap before
{Heap before GC invocations=59 (full 0):
 garbage-first heap   total 223232K, used 199947K [0x00000000e0000000, 0x0000000100000000)
  region size 1024K, 59 young (60416K), 9 survivors (9216K)
 Metaspace       used 120501K, committed 122880K, reserved 245760K
  class space    used 16540K, committed 17728K, reserved 114688K
}
Event: 18.478 GC heap after
{Heap after GC invocations=60 (full 0):
 garbage-first heap   total 223232K, used 153273K [0x00000000e0000000, 0x0000000100000000)
  region size 1024K, 6 young (6144K), 6 survivors (6144K)
 Metaspace       used 120501K, committed 122880K, reserved 245760K
  class space    used 16540K, committed 17728K, reserved 114688K
}
Event: 18.609 GC heap before
{Heap before GC invocations=60 (full 0):
 garbage-first heap   total 223232K, used 203449K [0x00000000e0000000, 0x0000000100000000)
  region size 1024K, 56 young (57344K), 6 survivors (6144K)
 Metaspace       used 120501K, committed 122880K, reserved 245760K
  class space    used 16540K, committed 17728K, reserved 114688K
}
Event: 18.613 GC heap after
{Heap after GC invocations=61 (full 0):
 garbage-first heap   total 223232K, used 154980K [0x00000000e0000000, 0x0000000100000000)
  region size 1024K, 4 young (4096K), 4 survivors (4096K)
 Metaspace       used 120501K, committed 122880K, reserved 245760K
  class space    used 16540K, committed 17728K, reserved 114688K
}
Event: 18.937 GC heap before
{Heap before GC invocations=62 (full 0):
 garbage-first heap   total 260096K, used 206180K [0x00000000e0000000, 0x0000000100000000)
  region size 1024K, 52 young (53248K), 4 survivors (4096K)
 Metaspace       used 120602K, committed 122944K, reserved 245760K
  class space    used 16552K, committed 17728K, reserved 114688K
}
Event: 18.942 GC heap after
{Heap after GC invocations=63 (full 0):
 garbage-first heap   total 260096K, used 161101K [0x00000000e0000000, 0x0000000100000000)
  region size 1024K, 7 young (7168K), 7 survivors (7168K)
 Metaspace       used 120602K, committed 122944K, reserved 245760K
  class space    used 16552K, committed 17728K, reserved 114688K
}
Event: 19.376 GC heap before
{Heap before GC invocations=63 (full 0):
 garbage-first heap   total 260096K, used 237901K [0x00000000e0000000, 0x0000000100000000)
  region size 1024K, 82 young (83968K), 7 survivors (7168K)
 Metaspace       used 120713K, committed 123008K, reserved 245760K
  class space    used 16559K, committed 17728K, reserved 114688K
}
Event: 19.382 GC heap after
{Heap after GC invocations=64 (full 0):
 garbage-first heap   total 260096K, used 166796K [0x00000000e0000000, 0x0000000100000000)
  region size 1024K, 9 young (9216K), 9 survivors (9216K)
 Metaspace       used 120713K, committed 123008K, reserved 245760K
  class space    used 16559K, committed 17728K, reserved 114688K
}
Event: 19.526 GC heap before
{Heap before GC invocations=64 (full 0):
 garbage-first heap   total 260096K, used 234380K [0x00000000e0000000, 0x0000000100000000)
  region size 1024K, 76 young (77824K), 9 survivors (9216K)
 Metaspace       used 120715K, committed 123008K, reserved 245760K
  class space    used 16559K, committed 17728K, reserved 114688K
}
Event: 19.532 GC heap after
{Heap after GC invocations=65 (full 0):
 garbage-first heap   total 260096K, used 167205K [0x00000000e0000000, 0x0000000100000000)
  region size 1024K, 5 young (5120K), 5 survivors (5120K)
 Metaspace       used 120715K, committed 123008K, reserved 245760K
  class space    used 16559K, committed 17728K, reserved 114688K
}
Event: 19.707 GC heap before
{Heap before GC invocations=65 (full 0):
 garbage-first heap   total 260096K, used 209189K [0x00000000e0000000, 0x0000000100000000)
  region size 1024K, 48 young (49152K), 5 survivors (5120K)
 Metaspace       used 120825K, committed 123136K, reserved 245760K
  class space    used 16571K, committed 17728K, reserved 114688K
}
Event: 19.711 GC heap after
{Heap after GC invocations=66 (full 0):
 garbage-first heap   total 260096K, used 169256K [0x00000000e0000000, 0x0000000100000000)
  region size 1024K, 7 young (7168K), 7 survivors (7168K)
 Metaspace       used 120825K, committed 123136K, reserved 245760K
  class space    used 16571K, committed 17728K, reserved 114688K
}
Event: 20.195 GC heap before
{Heap before GC invocations=67 (full 0):
 garbage-first heap   total 295936K, used 242984K [0x00000000e0000000, 0x0000000100000000)
  region size 1024K, 73 young (74752K), 7 survivors (7168K)
 Metaspace       used 121017K, committed 123456K, reserved 245760K
  class space    used 16580K, committed 17792K, reserved 114688K
}
Event: 20.202 GC heap after
{Heap after GC invocations=68 (full 0):
 garbage-first heap   total 295936K, used 184081K [0x00000000e0000000, 0x0000000100000000)
  region size 1024K, 10 young (10240K), 10 survivors (10240K)
 Metaspace       used 121017K, committed 123456K, reserved 245760K
  class space    used 16580K, committed 17792K, reserved 114688K
}
Event: 20.917 GC heap before
{Heap before GC invocations=68 (full 0):
 garbage-first heap   total 295936K, used 263953K [0x00000000e0000000, 0x0000000100000000)
  region size 1024K, 85 young (87040K), 10 survivors (10240K)
 Metaspace       used 121275K, committed 123648K, reserved 245760K
  class space    used 16612K, committed 17792K, reserved 114688K
}
Event: 20.926 GC heap after
{Heap after GC invocations=69 (full 0):
 garbage-first heap   total 295936K, used 193568K [0x00000000e0000000, 0x0000000100000000)
  region size 1024K, 10 young (10240K), 10 survivors (10240K)
 Metaspace       used 121275K, committed 123648K, reserved 245760K
  class space    used 16612K, committed 17792K, reserved 114688K
}
Event: 21.184 GC heap before
{Heap before GC invocations=69 (full 0):
 garbage-first heap   total 295936K, used 264224K [0x00000000e0000000, 0x0000000100000000)
  region size 1024K, 80 young (81920K), 10 survivors (10240K)
 Metaspace       used 121275K, committed 123712K, reserved 245760K
  class space    used 16612K, committed 17792K, reserved 114688K
}
Event: 21.189 GC heap after
{Heap after GC invocations=70 (full 0):
 garbage-first heap   total 295936K, used 195705K [0x00000000e0000000, 0x0000000100000000)
  region size 1024K, 5 young (5120K), 5 survivors (5120K)
 Metaspace       used 121275K, committed 123712K, reserved 245760K
  class space    used 16612K, committed 17792K, reserved 114688K
}

