# JRE version: OpenJDK Runtime Environment (21.0.6) (build 21.0.6+-13368085-b895.109)
# Java VM: OpenJDK 64-Bit Server VM (21.0.6+-13368085-b895.109, mixed mode, tiered, compressed oops, compressed class ptrs, g1 gc, windows-amd64)
GC Precious Log:
 CardTable entry size: 512
 Card Set container configuration: InlinePtr #cards 4 size 8 Array Of Cards #cards 32 size 80 Howl #buckets 8 coarsen threshold 7372 Howl Bitmap #cards 1024 size 144 coarsen threshold 921 Card regions per heap region 1 cards per card region 8192
 CPUs: 12 total, 12 available
 Memory: 15789M
 Large Page Support: Disabled
 NUMA Support: Disabled
 Compressed Oops: Enabled (Zero based)
 Heap Region Size: 4M
 Heap Min Capacity: 8M
 Heap Initial Capacity: 248M
 Heap Max Capacity: 8G
 Pre-touch: Disabled
 Parallel Workers: 10
 Concurrent Workers: 3
 Concurrent Refinement Workers: 10
 Periodic GC: Disabled
Heap:
 garbage-first heap   total 122880K, used 88975K [0x0000000600000000, 0x0000000800000000)
  region size 4096K, 8 young (32768K), 2 survivors (8192K)
 Metaspace       used 81242K, committed 83072K, reserved 1179648K
  class space    used 11288K, committed 12224K, reserved 1048576K
GC Heap History (20 events):
Event: 6.944 GC heap before
{Heap before GC invocations=10 (full 0):
 garbage-first heap   total 98304K, used 76095K [0x0000000600000000, 0x0000000800000000)
  region size 4096K, 14 young (57344K), 2 survivors (8192K)
 Metaspace       used 46667K, committed 47808K, reserved 1114112K
  class space    used 6071K, committed 6656K, reserved 1048576K
}
Event: 6.950 GC heap after
{Heap after GC invocations=11 (full 0):
 garbage-first heap   total 98304K, used 32908K [0x0000000600000000, 0x0000000800000000)
  region size 4096K, 1 young (4096K), 1 survivors (4096K)
 Metaspace       used 46667K, committed 47808K, reserved 1114112K
  class space    used 6071K, committed 6656K, reserved 1048576K
}
Event: 7.825 GC heap before
{Heap before GC invocations=11 (full 0):
 garbage-first heap   total 98304K, used 82060K [0x0000000600000000, 0x0000000800000000)
  region size 4096K, 13 young (53248K), 1 survivors (4096K)
 Metaspace       used 52584K, committed 54080K, reserved 1114112K
  class space    used 7026K, committed 7744K, reserved 1048576K
}
Event: 7.829 GC heap after
{Heap after GC invocations=12 (full 0):
 garbage-first heap   total 98304K, used 35314K [0x0000000600000000, 0x0000000800000000)
  region size 4096K, 2 young (8192K), 2 survivors (8192K)
 Metaspace       used 52584K, committed 54080K, reserved 1114112K
  class space    used 7026K, committed 7744K, reserved 1048576K
}
Event: 8.317 GC heap before
{Heap before GC invocations=12 (full 0):
 garbage-first heap   total 98304K, used 76274K [0x0000000600000000, 0x0000000800000000)
  region size 4096K, 12 young (49152K), 2 survivors (8192K)
 Metaspace       used 55046K, committed 56640K, reserved 1114112K
  class space    used 7459K, committed 8256K, reserved 1048576K
}
Event: 8.322 GC heap after
{Heap after GC invocations=13 (full 0):
 garbage-first heap   total 98304K, used 37035K [0x0000000600000000, 0x0000000800000000)
  region size 4096K, 2 young (8192K), 2 survivors (8192K)
 Metaspace       used 55046K, committed 56640K, reserved 1114112K
  class space    used 7459K, committed 8256K, reserved 1048576K
}
Event: 9.073 GC heap before
{Heap before GC invocations=13 (full 0):
 garbage-first heap   total 98304K, used 69803K [0x0000000600000000, 0x0000000800000000)
  region size 4096K, 11 young (45056K), 2 survivors (8192K)
 Metaspace       used 58847K, committed 60416K, reserved 1114112K
  class space    used 8040K, committed 8832K, reserved 1048576K
}
Event: 9.077 GC heap after
{Heap after GC invocations=14 (full 0):
 garbage-first heap   total 118784K, used 38615K [0x0000000600000000, 0x0000000800000000)
  region size 4096K, 2 young (8192K), 2 survivors (8192K)
 Metaspace       used 58847K, committed 60416K, reserved 1114112K
  class space    used 8040K, committed 8832K, reserved 1048576K
}
Event: 10.249 GC heap before
{Heap before GC invocations=15 (full 0):
 garbage-first heap   total 118784K, used 100055K [0x0000000600000000, 0x0000000800000000)
  region size 4096K, 17 young (69632K), 2 survivors (8192K)
 Metaspace       used 62134K, committed 63808K, reserved 1114112K
  class space    used 8558K, committed 9408K, reserved 1048576K
}
Event: 10.255 GC heap after
{Heap after GC invocations=16 (full 0):
 garbage-first heap   total 118784K, used 44717K [0x0000000600000000, 0x0000000800000000)
  region size 4096K, 3 young (12288K), 3 survivors (12288K)
 Metaspace       used 62134K, committed 63808K, reserved 1114112K
  class space    used 8558K, committed 9408K, reserved 1048576K
}
Event: 11.083 GC heap before
{Heap before GC invocations=16 (full 0):
 garbage-first heap   total 118784K, used 102061K [0x0000000600000000, 0x0000000800000000)
  region size 4096K, 16 young (65536K), 3 survivors (12288K)
 Metaspace       used 67411K, committed 69184K, reserved 1114112K
  class space    used 9342K, committed 10240K, reserved 1048576K
}
Event: 11.091 GC heap after
{Heap after GC invocations=17 (full 0):
 garbage-first heap   total 122880K, used 55257K [0x0000000600000000, 0x0000000800000000)
  region size 4096K, 2 young (8192K), 2 survivors (8192K)
 Metaspace       used 67411K, committed 69184K, reserved 1114112K
  class space    used 9342K, committed 10240K, reserved 1048576K
}
Event: 11.936 GC heap before
{Heap before GC invocations=17 (full 0):
 garbage-first heap   total 122880K, used 104409K [0x0000000600000000, 0x0000000800000000)
  region size 4096K, 14 young (57344K), 2 survivors (8192K)
 Metaspace       used 72721K, committed 74624K, reserved 1114112K
  class space    used 10054K, committed 11008K, reserved 1048576K
}
Event: 11.940 GC heap after
{Heap after GC invocations=18 (full 0):
 garbage-first heap   total 122880K, used 58015K [0x0000000600000000, 0x0000000800000000)
  region size 4096K, 1 young (4096K), 1 survivors (4096K)
 Metaspace       used 72721K, committed 74624K, reserved 1114112K
  class space    used 10054K, committed 11008K, reserved 1048576K
}
Event: 12.258 GC heap before
{Heap before GC invocations=18 (full 0):
 garbage-first heap   total 122880K, used 78495K [0x0000000600000000, 0x0000000800000000)
  region size 4096K, 7 young (28672K), 1 survivors (4096K)
 Metaspace       used 74156K, committed 76032K, reserved 1114112K
  class space    used 10243K, committed 11200K, reserved 1048576K
}
Event: 12.262 GC heap after
{Heap after GC invocations=19 (full 0):
 garbage-first heap   total 122880K, used 58518K [0x0000000600000000, 0x0000000800000000)
  region size 4096K, 1 young (4096K), 1 survivors (4096K)
 Metaspace       used 74156K, committed 76032K, reserved 1114112K
  class space    used 10243K, committed 11200K, reserved 1048576K
}
Event: 13.124 GC heap before
{Heap before GC invocations=20 (full 0):
 garbage-first heap   total 122880K, used 111766K [0x0000000600000000, 0x0000000800000000)
  region size 4096K, 13 young (53248K), 1 survivors (4096K)
 Metaspace       used 77245K, committed 79104K, reserved 1179648K
  class space    used 10692K, committed 11584K, reserved 1048576K
}
Event: 13.129 GC heap after
{Heap after GC invocations=21 (full 0):
 garbage-first heap   total 122880K, used 67008K [0x0000000600000000, 0x0000000800000000)
  region size 4096K, 2 young (8192K), 2 survivors (8192K)
 Metaspace       used 77245K, committed 79104K, reserved 1179648K
  class space    used 10692K, committed 11584K, reserved 1048576K
}
Event: 13.730 GC heap before
{Heap before GC invocations=21 (full 0):
 garbage-first heap   total 122880K, used 103872K [0x0000000600000000, 0x0000000800000000)
  region size 4096K, 11 young (45056K), 2 survivors (8192K)
 Metaspace       used 79379K, committed 81280K, reserved 1179648K
  class space    used 10997K, committed 11904K, reserved 1048576K
}
Event: 13.737 GC heap after
{Heap after GC invocations=22 (full 0):
 garbage-first heap   total 122880K, used 68495K [0x0000000600000000, 0x0000000800000000)
  region size 4096K, 2 young (8192K), 2 survivors (8192K)
 Metaspace       used 79379K, committed 81280K, reserved 1179648K
  class space    used 10997K, committed 11904K, reserved 1048576K
}

