# JRE version: OpenJDK Runtime Environment (21.0.6) (build 21.0.6+-13368085-b895.109)
# Java VM: OpenJDK 64-Bit Server VM (21.0.6+-13368085-b895.109, mixed mode, tiered, compressed oops, compressed class ptrs, g1 gc, windows-amd64)
GC Precious Log:
 CardTable entry size: 512
 Card Set container configuration: InlinePtr #cards 4 size 8 Array Of Cards #cards 32 size 80 Howl #buckets 8 coarsen threshold 7372 Howl Bitmap #cards 1024 size 144 coarsen threshold 921 Card regions per heap region 1 cards per card region 8192
 CPUs: 12 total, 12 available
 Memory: 15789M
 Large Page Support: Disabled
 NUMA Support: Disabled
 Compressed Oops: Enabled (Zero based)
 Heap Region Size: 4M
 Heap Min Capacity: 8M
 Heap Initial Capacity: 248M
 Heap Max Capacity: 8G
 Pre-touch: Disabled
 Parallel Workers: 10
 Concurrent Workers: 3
 Concurrent Refinement Workers: 10
 Periodic GC: Disabled
Heap:
 garbage-first heap   total 720896K, used 517120K [0x0000000600000000, 0x0000000800000000)
  region size 4096K, 52 young (212992K), 9 survivors (36864K)
 Metaspace       used 145091K, committed 147712K, reserved 1179648K
  class space    used 19293K, committed 20608K, reserved 1048576K
GC Heap History (20 events):
Event: 43.415 GC heap before
{Heap before GC invocations=60 (full 0):
 garbage-first heap   total 335872K, used 295008K [0x0000000600000000, 0x0000000800000000)
  region size 4096K, 27 young (110592K), 3 survivors (12288K)
 Metaspace       used 125290K, committed 127808K, reserved 1179648K
  class space    used 17140K, committed 18368K, reserved 1048576K
}
Event: 43.424 GC heap after
{Heap after GC invocations=61 (full 0):
 garbage-first heap   total 335872K, used 205707K [0x0000000600000000, 0x0000000800000000)
  region size 4096K, 4 young (16384K), 4 survivors (16384K)
 Metaspace       used 125290K, committed 127808K, reserved 1179648K
  class space    used 17140K, committed 18368K, reserved 1048576K
}
Event: 44.301 GC heap before
{Heap before GC invocations=61 (full 0):
 garbage-first heap   total 335872K, used 291723K [0x0000000600000000, 0x0000000800000000)
  region size 4096K, 26 young (106496K), 4 survivors (16384K)
 Metaspace       used 131050K, committed 133504K, reserved 1179648K
  class space    used 17904K, committed 19136K, reserved 1048576K
}
Event: 44.311 GC heap after
{Heap after GC invocations=62 (full 0):
 garbage-first heap   total 335872K, used 214439K [0x0000000600000000, 0x0000000800000000)
  region size 4096K, 3 young (12288K), 3 survivors (12288K)
 Metaspace       used 131050K, committed 133504K, reserved 1179648K
  class space    used 17904K, committed 19136K, reserved 1048576K
}
Event: 45.281 GC heap before
{Heap before GC invocations=63 (full 0):
 garbage-first heap   total 368640K, used 296359K [0x0000000600000000, 0x0000000800000000)
  region size 4096K, 23 young (94208K), 3 survivors (12288K)
 Metaspace       used 133863K, committed 136384K, reserved 1179648K
  class space    used 18232K, committed 19456K, reserved 1048576K
}
Event: 45.295 GC heap after
{Heap after GC invocations=64 (full 0):
 garbage-first heap   total 368640K, used 228007K [0x0000000600000000, 0x0000000800000000)
  region size 4096K, 3 young (12288K), 3 survivors (12288K)
 Metaspace       used 133863K, committed 136384K, reserved 1179648K
  class space    used 18232K, committed 19456K, reserved 1048576K
}
Event: 54.712 GC heap before
{Heap before GC invocations=64 (full 0):
 garbage-first heap   total 368640K, used 326311K [0x0000000600000000, 0x0000000800000000)
  region size 4096K, 28 young (114688K), 3 survivors (12288K)
 Metaspace       used 134941K, committed 137408K, reserved 1179648K
  class space    used 18365K, committed 19584K, reserved 1048576K
}
Event: 54.726 GC heap after
{Heap after GC invocations=65 (full 0):
 garbage-first heap   total 442368K, used 236957K [0x0000000600000000, 0x0000000800000000)
  region size 4096K, 3 young (12288K), 3 survivors (12288K)
 Metaspace       used 134941K, committed 137408K, reserved 1179648K
  class space    used 18365K, committed 19584K, reserved 1048576K
}
Event: 56.738 GC heap before
{Heap before GC invocations=65 (full 0):
 garbage-first heap   total 442368K, used 392605K [0x0000000600000000, 0x0000000800000000)
  region size 4096K, 42 young (172032K), 3 survivors (12288K)
 Metaspace       used 137145K, committed 139776K, reserved 1179648K
  class space    used 18517K, committed 19840K, reserved 1048576K
}
Event: 56.749 GC heap after
{Heap after GC invocations=66 (full 0):
 garbage-first heap   total 442368K, used 242045K [0x0000000600000000, 0x0000000800000000)
  region size 4096K, 4 young (16384K), 4 survivors (16384K)
 Metaspace       used 137145K, committed 139776K, reserved 1179648K
  class space    used 18517K, committed 19840K, reserved 1048576K
}
Event: 58.163 GC heap before
{Heap before GC invocations=66 (full 0):
 garbage-first heap   total 442368K, used 373117K [0x0000000600000000, 0x0000000800000000)
  region size 4096K, 38 young (155648K), 4 survivors (16384K)
 Metaspace       used 137695K, committed 140224K, reserved 1179648K
  class space    used 18561K, committed 19840K, reserved 1048576K
}
Event: 58.176 GC heap after
{Heap after GC invocations=67 (full 0):
 garbage-first heap   total 442368K, used 249661K [0x0000000600000000, 0x0000000800000000)
  region size 4096K, 4 young (16384K), 4 survivors (16384K)
 Metaspace       used 137695K, committed 140224K, reserved 1179648K
  class space    used 18561K, committed 19840K, reserved 1048576K
}
Event: 59.774 GC heap before
{Heap before GC invocations=68 (full 0):
 garbage-first heap   total 630784K, used 503613K [0x0000000600000000, 0x0000000800000000)
  region size 4096K, 37 young (151552K), 4 survivors (16384K)
 Metaspace       used 140400K, committed 143040K, reserved 1179648K
  class space    used 18848K, committed 20160K, reserved 1048576K
}
Event: 59.784 GC heap after
{Heap after GC invocations=69 (full 0):
 garbage-first heap   total 630784K, used 254566K [0x0000000600000000, 0x0000000800000000)
  region size 4096K, 4 young (16384K), 4 survivors (16384K)
 Metaspace       used 140400K, committed 143040K, reserved 1179648K
  class space    used 18848K, committed 20160K, reserved 1048576K
}
Event: 555.787 GC heap before
{Heap before GC invocations=69 (full 0):
 garbage-first heap   total 630784K, used 569958K [0x0000000600000000, 0x0000000800000000)
  region size 4096K, 82 young (335872K), 4 survivors (16384K)
 Metaspace       used 143895K, committed 146560K, reserved 1179648K
  class space    used 19272K, committed 20608K, reserved 1048576K
}
Event: 555.857 GC heap after
{Heap after GC invocations=70 (full 0):
 garbage-first heap   total 630784K, used 263925K [0x0000000600000000, 0x0000000800000000)
  region size 4096K, 7 young (28672K), 7 survivors (28672K)
 Metaspace       used 143895K, committed 146560K, reserved 1179648K
  class space    used 19272K, committed 20608K, reserved 1048576K
}
Event: 567.627 GC heap before
{Heap before GC invocations=70 (full 0):
 garbage-first heap   total 630784K, used 558837K [0x0000000600000000, 0x0000000800000000)
  region size 4096K, 80 young (327680K), 7 survivors (28672K)
 Metaspace       used 144596K, committed 147264K, reserved 1179648K
  class space    used 19287K, committed 20608K, reserved 1048576K
}
Event: 567.667 GC heap after
{Heap after GC invocations=71 (full 0):
 garbage-first heap   total 634880K, used 307200K [0x0000000600000000, 0x0000000800000000)
  region size 4096K, 10 young (40960K), 10 survivors (40960K)
 Metaspace       used 144596K, committed 147264K, reserved 1179648K
  class space    used 19287K, committed 20608K, reserved 1048576K
}
Event: 569.684 GC heap before
{Heap before GC invocations=72 (full 0):
 garbage-first heap   total 634880K, used 630784K [0x0000000600000000, 0x0000000800000000)
  region size 4096K, 60 young (245760K), 10 survivors (40960K)
 Metaspace       used 144898K, committed 147584K, reserved 1179648K
  class space    used 19291K, committed 20608K, reserved 1048576K
}
Event: 569.716 GC heap after
{Heap after GC invocations=73 (full 0):
 garbage-first heap   total 720896K, used 349184K [0x0000000600000000, 0x0000000800000000)
  region size 4096K, 9 young (36864K), 9 survivors (36864K)
 Metaspace       used 144898K, committed 147584K, reserved 1179648K
  class space    used 19291K, committed 20608K, reserved 1048576K
}

