# JRE version: OpenJDK Runtime Environment (21.0.6) (build 21.0.6+-13368085-b895.109)
# Java VM: OpenJDK 64-Bit Server VM (21.0.6+-13368085-b895.109, mixed mode, tiered, compressed oops, compressed class ptrs, g1 gc, windows-amd64)
GC Precious Log:
 CardTable entry size: 512
 Card Set container configuration: InlinePtr #cards 4 size 8 Array Of Cards #cards 32 size 80 Howl #buckets 8 coarsen threshold 7372 Howl Bitmap #cards 1024 size 144 coarsen threshold 921 Card regions per heap region 1 cards per card region 8192
 CPUs: 12 total, 12 available
 Memory: 15789M
 Large Page Support: Disabled
 NUMA Support: Disabled
 Compressed Oops: Enabled (Zero based)
 Heap Region Size: 4M
 Heap Min Capacity: 8M
 Heap Initial Capacity: 248M
 Heap Max Capacity: 8G
 Pre-touch: Disabled
 Parallel Workers: 10
 Concurrent Workers: 3
 Concurrent Refinement Workers: 10
 Periodic GC: Disabled
Heap:
 garbage-first heap   total 835584K, used 540317K [0x0000000600000000, 0x0000000800000000)
  region size 4096K, 30 young (122880K), 2 survivors (8192K)
 Metaspace       used 208964K, committed 212032K, reserved 1245184K
  class space    used 26734K, committed 28224K, reserved 1048576K
GC Heap History (20 events):
Event: 406.246 GC heap before
{Heap before GC invocations=82 (full 0):
 garbage-first heap   total 630784K, used 533580K [0x0000000600000000, 0x0000000800000000)
  region size 4096K, 47 young (192512K), 4 survivors (16384K)
 Metaspace       used 143535K, committed 146176K, reserved 1179648K
  class space    used 18959K, committed 20288K, reserved 1048576K
}
Event: 406.265 GC heap after
{Heap after GC invocations=83 (full 0):
 garbage-first heap   total 630784K, used 375663K [0x0000000600000000, 0x0000000800000000)
  region size 4096K, 6 young (24576K), 6 survivors (24576K)
 Metaspace       used 143535K, committed 146176K, reserved 1179648K
  class space    used 18959K, committed 20288K, reserved 1048576K
}
Event: 408.175 GC heap before
{Heap before GC invocations=83 (full 0):
 garbage-first heap   total 630784K, used 564079K [0x0000000600000000, 0x0000000800000000)
  region size 4096K, 53 young (217088K), 6 survivors (24576K)
 Metaspace       used 143751K, committed 146432K, reserved 1179648K
  class space    used 18971K, committed 20288K, reserved 1048576K
}
Event: 408.206 GC heap after
{Heap after GC invocations=84 (full 0):
 garbage-first heap   total 630784K, used 347371K [0x0000000600000000, 0x0000000800000000)
  region size 4096K, 7 young (28672K), 7 survivors (28672K)
 Metaspace       used 143751K, committed 146432K, reserved 1179648K
  class space    used 18971K, committed 20288K, reserved 1048576K
}
Event: 964.865 GC heap before
{Heap before GC invocations=84 (full 0):
 garbage-first heap   total 630784K, used 552171K [0x0000000600000000, 0x0000000800000000)
  region size 4096K, 58 young (237568K), 7 survivors (28672K)
 Metaspace       used 143903K, committed 146560K, reserved 1179648K
  class space    used 18977K, committed 20288K, reserved 1048576K
}
Event: 964.920 GC heap after
{Heap after GC invocations=85 (full 0):
 garbage-first heap   total 761856K, used 336436K [0x0000000600000000, 0x0000000800000000)
  region size 4096K, 4 young (16384K), 4 survivors (16384K)
 Metaspace       used 143903K, committed 146560K, reserved 1179648K
  class space    used 18977K, committed 20288K, reserved 1048576K
}
Event: 1012.240 GC heap before
{Heap before GC invocations=85 (full 0):
 garbage-first heap   total 761856K, used 655924K [0x0000000600000000, 0x0000000800000000)
  region size 4096K, 83 young (339968K), 4 survivors (16384K)
 Metaspace       used 144777K, committed 147520K, reserved 1179648K
  class space    used 19054K, committed 20416K, reserved 1048576K
}
Event: 1012.278 GC heap after
{Heap after GC invocations=86 (full 0):
 garbage-first heap   total 761856K, used 382819K [0x0000000600000000, 0x0000000800000000)
  region size 4096K, 11 young (45056K), 11 survivors (45056K)
 Metaspace       used 144777K, committed 147520K, reserved 1179648K
  class space    used 19054K, committed 20416K, reserved 1048576K
}
Event: 1018.516 GC heap before
{Heap before GC invocations=87 (full 0):
 garbage-first heap   total 761856K, used 649059K [0x0000000600000000, 0x0000000800000000)
  region size 4096K, 79 young (323584K), 11 survivors (45056K)
 Metaspace       used 154063K, committed 156800K, reserved 1245184K
  class space    used 19973K, committed 21312K, reserved 1048576K
}
Event: 1018.544 GC heap after
{Heap after GC invocations=88 (full 0):
 garbage-first heap   total 761856K, used 388787K [0x0000000600000000, 0x0000000800000000)
  region size 4096K, 3 young (12288K), 3 survivors (12288K)
 Metaspace       used 154063K, committed 156800K, reserved 1245184K
  class space    used 19973K, committed 21312K, reserved 1048576K
}
Event: 1026.494 GC heap before
{Heap before GC invocations=88 (full 0):
 garbage-first heap   total 761856K, used 675507K [0x0000000600000000, 0x0000000800000000)
  region size 4096K, 74 young (303104K), 3 survivors (12288K)
 Metaspace       used 167882K, committed 170880K, reserved 1245184K
  class space    used 21669K, committed 23168K, reserved 1048576K
}
Event: 1026.532 GC heap after
{Heap after GC invocations=89 (full 0):
 garbage-first heap   total 761856K, used 358357K [0x0000000600000000, 0x0000000800000000)
  region size 4096K, 8 young (32768K), 8 survivors (32768K)
 Metaspace       used 167882K, committed 170880K, reserved 1245184K
  class space    used 21669K, committed 23168K, reserved 1048576K
}
Event: 1036.395 GC heap before
{Heap before GC invocations=89 (full 0):
 garbage-first heap   total 761856K, used 755669K [0x0000000600000000, 0x0000000800000000)
  region size 4096K, 67 young (274432K), 8 survivors (32768K)
 Metaspace       used 175306K, committed 178304K, reserved 1245184K
  class space    used 22662K, committed 24128K, reserved 1048576K
}
Event: 1036.429 GC heap after
{Heap after GC invocations=90 (full 0):
 garbage-first heap   total 831488K, used 399645K [0x0000000600000000, 0x0000000800000000)
  region size 4096K, 11 young (45056K), 11 survivors (45056K)
 Metaspace       used 175306K, committed 178304K, reserved 1245184K
  class space    used 22662K, committed 24128K, reserved 1048576K
}
Event: 1041.007 GC heap before
{Heap before GC invocations=90 (full 0):
 garbage-first heap   total 831488K, used 715037K [0x0000000600000000, 0x0000000800000000)
  region size 4096K, 89 young (364544K), 11 survivors (45056K)
 Metaspace       used 186642K, committed 189696K, reserved 1245184K
  class space    used 24396K, committed 25856K, reserved 1048576K
}
Event: 1041.099 GC heap after
{Heap after GC invocations=91 (full 0):
 garbage-first heap   total 835584K, used 465272K [0x0000000600000000, 0x0000000800000000)
  region size 4096K, 12 young (49152K), 12 survivors (49152K)
 Metaspace       used 186642K, committed 189696K, reserved 1245184K
  class space    used 24396K, committed 25856K, reserved 1048576K
}
Event: 1046.101 GC heap before
{Heap before GC invocations=92 (full 0):
 garbage-first heap   total 835584K, used 731512K [0x0000000600000000, 0x0000000800000000)
  region size 4096K, 73 young (299008K), 12 survivors (49152K)
 Metaspace       used 189945K, committed 192960K, reserved 1245184K
  class space    used 24695K, committed 26176K, reserved 1048576K
}
Event: 1046.158 GC heap after
{Heap after GC invocations=93 (full 0):
 garbage-first heap   total 835584K, used 507390K [0x0000000600000000, 0x0000000800000000)
  region size 4096K, 9 young (36864K), 9 survivors (36864K)
 Metaspace       used 189945K, committed 192960K, reserved 1245184K
  class space    used 24695K, committed 26176K, reserved 1048576K
}
Event: 1056.409 GC heap before
{Heap before GC invocations=93 (full 0):
 garbage-first heap   total 835584K, used 769534K [0x0000000600000000, 0x0000000800000000)
  region size 4096K, 64 young (262144K), 9 survivors (36864K)
 Metaspace       used 198799K, committed 201856K, reserved 1245184K
  class space    used 25604K, committed 27072K, reserved 1048576K
}
Event: 1056.431 GC heap after
{Heap after GC invocations=94 (full 0):
 garbage-first heap   total 835584K, used 433821K [0x0000000600000000, 0x0000000800000000)
  region size 4096K, 2 young (8192K), 2 survivors (8192K)
 Metaspace       used 198799K, committed 201856K, reserved 1245184K
  class space    used 25604K, committed 27072K, reserved 1048576K
}

